<?xml version="1.0" encoding="utf-8" standalone="no"?>
<!--This file represents the results of running a test suite-->
<test-results name="C:\Users\Toffski\VS10\UserService\Tests.nunit" total="1" errors="0" failures="0" not-run="0" inconclusive="0" ignored="0" skipped="0" invalid="0" date="2010-11-30" time="20:01:27">
  <environment nunit-version="2.5.8.10295" clr-version="2.0.50727.4952" os-version="Microsoft Windows NT 6.1.7600.0" platform="Win32NT" cwd="C:\Users\Toffski\VS10\UserService\StrategyTest\bin\Debug" machine-name="ZION-TOFFSKI" user="Toffski" user-domain="Zion-Toffski" />
  <culture-info current-culture="de-DE" current-uiculture="en-US" />
  <test-suite type="Project" name="C:\Users\Toffski\VS10\UserService\Tests.nunit" executed="True" result="Success" success="True" time="0.031" asserts="0">
    <results>
      <test-suite type="Assembly" name="C:\Users\Toffski\VS10\UserService\StrategyTest\bin\Debug\StrategyTest.dll" executed="True" result="Success" success="True" time="0.000" asserts="0">
        <results>
          <test-suite type="Namespace" name="StrategyTest" executed="True" result="Success" success="True" time="0.000" asserts="0">
            <results>
              <test-suite type="TestFixture" name="StrategyTests" executed="True" result="Success" success="True" time="0.000" asserts="0">
                <results>
                  <test-case name="StrategyTest.StrategyTests.AlgorithmTest" executed="True" result="Success" success="True" time="0.000" asserts="0" />
                </results>
              </test-suite>
            </results>
          </test-suite>
        </results>
      </test-suite>
    </results>
  </test-suite>
</test-results>